<?xml version="1.0" encoding="utf-8"?><testsuite errors="0" failures="0" name="pytest" skipped="0" tests="18" time="1.238"><testcase classname="astrocalc.coords.tests.test_coordinates_to_array.test_coordinates_to_array" file="astrocalc/coords/tests/test_coordinates_to_array.py" line="43" name="test_coordinates_to_array" time="0.006"><system-out>[200.   200.   200.   175.23  21.36] [ 24.3   24.3   24.3  -28.25 -15.32]
[200.] [24.3]
</system-out></testcase><testcase classname="astrocalc.coords.tests.test_coordinates_to_array.test_coordinates_to_array" file="astrocalc/coords/tests/test_coordinates_to_array.py" line="66" name="test_coordinates_to_array_function_exception" time="0.001"><system-out>coordinates_to_array() got an unexpected keyword argument &apos;settings&apos;
</system-out></testcase><testcase classname="astrocalc.coords.tests.test_separations.test_separations" file="astrocalc/coords/tests/test_separations.py" line="43" name="test_separations_function" time="0.002"><system-out>(&apos;4813.394307&apos;, &apos;4810.502138&apos;, &apos;166.839407&apos;)
(&apos;7774.43746&apos;, &apos;-6800.03579&apos;, &apos;4625.76201&apos;)
(&apos;78.9&apos;, &apos;-73.1&apos;, &apos;29.9&apos;)
</system-out></testcase><testcase classname="astrocalc.coords.tests.test_translate.test_translate" file="astrocalc/coords/tests/test_translate.py" line="113" name="test_translate_dec_gt_90" time="0.001"><system-out>208.083270 81.99100999
</system-out></testcase><testcase classname="astrocalc.coords.tests.test_translate.test_translate" file="astrocalc/coords/tests/test_translate.py" line="99" name="test_translate_dec_lt_m90" time="0.001"><system-out>296.939537 -82.56
</system-out></testcase><testcase classname="astrocalc.coords.tests.test_translate.test_translate" file="astrocalc/coords/tests/test_translate.py" line="43" name="test_translate_function01" time="0.001"><system-out>221.41174453 -45.56065094
</system-out></testcase><testcase classname="astrocalc.coords.tests.test_translate.test_translate" file="astrocalc/coords/tests/test_translate.py" line="57" name="test_translate_function02" time="0.001"><system-out>12.327 -44.07565667
</system-out></testcase><testcase classname="astrocalc.coords.tests.test_translate.test_translate" file="astrocalc/coords/tests/test_translate.py" line="71" name="test_translate_ra_gt_360" time="0.001"><system-out>32.817778 -44.07565
</system-out></testcase><testcase classname="astrocalc.coords.tests.test_translate.test_translate" file="astrocalc/coords/tests/test_translate.py" line="85" name="test_translate_ra_lt_360" time="0.002"><system-out>356.275076 -44.07565667
</system-out></testcase><testcase classname="astrocalc.coords.tests.test_unit_conversion.test_unit_conversion" file="astrocalc/coords/tests/test_unit_conversion.py" line="124" name="test_unit_conversion_deg_to_sex_functions" time="0.002"><system-out>22/26/10.8776
04:13:49.1223
00:01:49.1223
23:01:48
23:00:00
-23/27/16.83524
-83:27:16.83524
-03:27:16.83524
+50:00:00
</system-out></testcase><testcase classname="astrocalc.coords.tests.test_unit_conversion.test_unit_conversion" file="astrocalc/coords/tests/test_unit_conversion.py" line="188" name="test_unit_conversion_ra_dec_to_cartesian_functions" time="0.002"><system-out>0.915708141735 0.397300211421 -0.0602589509036
0.99614520764 -0.0637462479828 -0.0602589509036
(0.9973699780687104, -0.06382462462791459, 0.034344492110465606)
</system-out></testcase><testcase classname="astrocalc.coords.tests.test_unit_conversion.test_unit_conversion" file="astrocalc/coords/tests/test_unit_conversion.py" line="43" name="test_unit_conversion_sexe_to_deg_function" time="0.002"><system-out>-23.755897867
1.968181503
1.968181503
1.96806
12.3234234234
-34.3234234234
356.338468
356.338468
356.338468
31.088468
71.3375
12.3234234234
334.323423423
</system-out></testcase><testcase classname="astrocalc.distances.tests.test_converter.test_converter" file="astrocalc/distances/tests/test_converter.py" line="43" name="test_converter_function01" time="0.009"><system-out>{&apos;dmod&apos;: 38.494, &apos;dl_mpc&apos;: 499.78, &apos;da_scale&apos;: 1.974, &apos;da_mpc&apos;: 407.099, &apos;z&apos;: 0.108, &apos;dcmr_mpc&apos;: 451.065}
</system-out></testcase><testcase classname="astrocalc.distances.tests.test_converter.test_converter" file="astrocalc/distances/tests/test_converter.py" line="57" name="test_converter_function02" time="0.154"><system-out>0.108
</system-out></testcase><testcase classname="astrocalc.times.tests.test_conversions.test_conversions" file="astrocalc/times/tests/test_conversions.py" line="126" name="test_decimal_day_to_day_hour_min_sec_function" time="0.005"><system-out>24 days, 5 hours, 53 mins, None sec
24 days, 2 hours, 57 mins, 46 sec
24 days, None hours, None mins, None sec
24 days, 2 hours, 57 mins, 28.242 sec
</system-out></testcase><testcase classname="astrocalc.times.tests.test_conversions.test_conversions" file="astrocalc/times/tests/test_conversions.py" line="109" name="test_mjd_conversions_function" time="0.001"><system-out>2016-04-26 14:44
2016-04-26 14:44
2016-04-26 14:44
2016-04-26 14:44
2016-04-26 14:44
2016-04-26 14:44
2016-04-26 14:44
2016-04-26 14:44
2016-04-26 14:44
2016-04-26 14:44
</system-out></testcase><testcase classname="astrocalc.times.tests.test_conversions.test_conversions" file="astrocalc/times/tests/test_conversions.py" line="43" name="test_utdatetime_conversions_function" time="0.003"><system-out>
UT = 20160426t144643.033433
57504.61577585013
2016-04-26 14:46:43.033

UT = 20160426t144643.033433
57504.61577585013
2016-04-26 14:46:43.033

UT = 20160426t144643.033433
57504.61577585013
2016-04-26 14:46:43.033

UT = 20160426t1446
57504.6153
2016-04-26 14:46

UT = 20160426t144643
57504.61578
2016-04-26 14:46:43

UT = 20160426t144643.033433
57504.61577585013
2016-04-26 14:46:43.033

UT = 20161231t234643.033433
57753.99077585013
57753.99077585013
2016-12-31 23:46:43.033

UT = 201604261444
57504.6139
2016-04-26 14:44

UT = 20160426
57504.0
2016-04-26

UT = 2016-04-26.33433
57504.334109
2016-04-26 08:01:07

UT = 20160426144444.5452
57504.614404459
2016-04-26 14:44:44.545

UT = 2016-04-26 14:44:44.234
57504.61440086
2016-04-26 14:44:44.234

UT = 20160426 14h44m44.432s
57504.61440315
2016-04-26 14:44:44.432

UT = 2016-04-26T14:44:44.234
57504.61440086
2016-04-26T14:44:44.234
</system-out></testcase><testcase classname="astrocalc.times.tests.test_now.test_now" file="astrocalc/times/tests/test_now.py" line="44" name="test_now_function" time="0.001"></testcase></testsuite>