<?xml version="1.0" encoding="utf-8"?><testsuites><testsuite errors="0" failures="0" hostname="125608-ARC---David-Young" name="pytest" skipped="0" tests="19" time="2.045" timestamp="2020-05-24T16:18:00.673282"><testcase classname="git_repos._packages_.python.astrocalc.astrocalc.coords.tests.test_coordinates_to_array.test_coordinates_to_array" file="git_repos/_packages_/python/astrocalc/astrocalc/coords/tests/test_coordinates_to_array.py" line="43" name="test_coordinates_to_array" time="0.003"></testcase><testcase classname="git_repos._packages_.python.astrocalc.astrocalc.coords.tests.test_coordinates_to_array.test_coordinates_to_array" file="git_repos/_packages_/python/astrocalc/astrocalc/coords/tests/test_coordinates_to_array.py" line="66" name="test_coordinates_to_array_function_exception" time="0.001"></testcase><testcase classname="git_repos._packages_.python.astrocalc.astrocalc.coords.tests.test_separations.test_separations" file="git_repos/_packages_/python/astrocalc/astrocalc/coords/tests/test_separations.py" line="43" name="test_separations_function" time="0.001"></testcase><testcase classname="git_repos._packages_.python.astrocalc.astrocalc.coords.tests.test_translate.test_translate" file="git_repos/_packages_/python/astrocalc/astrocalc/coords/tests/test_translate.py" line="113" name="test_translate_dec_gt_90" time="0.000"></testcase><testcase classname="git_repos._packages_.python.astrocalc.astrocalc.coords.tests.test_translate.test_translate" file="git_repos/_packages_/python/astrocalc/astrocalc/coords/tests/test_translate.py" line="99" name="test_translate_dec_lt_m90" time="0.001"></testcase><testcase classname="git_repos._packages_.python.astrocalc.astrocalc.coords.tests.test_translate.test_translate" file="git_repos/_packages_/python/astrocalc/astrocalc/coords/tests/test_translate.py" line="43" name="test_translate_function01" time="0.000"></testcase><testcase classname="git_repos._packages_.python.astrocalc.astrocalc.coords.tests.test_translate.test_translate" file="git_repos/_packages_/python/astrocalc/astrocalc/coords/tests/test_translate.py" line="57" name="test_translate_function02" time="0.000"></testcase><testcase classname="git_repos._packages_.python.astrocalc.astrocalc.coords.tests.test_translate.test_translate" file="git_repos/_packages_/python/astrocalc/astrocalc/coords/tests/test_translate.py" line="71" name="test_translate_ra_gt_360" time="0.000"></testcase><testcase classname="git_repos._packages_.python.astrocalc.astrocalc.coords.tests.test_translate.test_translate" file="git_repos/_packages_/python/astrocalc/astrocalc/coords/tests/test_translate.py" line="85" name="test_translate_ra_lt_360" time="0.001"></testcase><testcase classname="git_repos._packages_.python.astrocalc.astrocalc.coords.tests.test_unit_conversion.test_unit_conversion" file="git_repos/_packages_/python/astrocalc/astrocalc/coords/tests/test_unit_conversion.py" line="124" name="test_unit_conversion_deg_to_sex_functions" time="0.001"></testcase><testcase classname="git_repos._packages_.python.astrocalc.astrocalc.coords.tests.test_unit_conversion.test_unit_conversion" file="git_repos/_packages_/python/astrocalc/astrocalc/coords/tests/test_unit_conversion.py" line="188" name="test_unit_conversion_ra_dec_to_cartesian_functions" time="0.001"></testcase><testcase classname="git_repos._packages_.python.astrocalc.astrocalc.coords.tests.test_unit_conversion.test_unit_conversion" file="git_repos/_packages_/python/astrocalc/astrocalc/coords/tests/test_unit_conversion.py" line="43" name="test_unit_conversion_sexe_to_deg_function" time="0.001"></testcase><testcase classname="git_repos._packages_.python.astrocalc.astrocalc.distances.tests.test_converter.test_converter" file="git_repos/_packages_/python/astrocalc/astrocalc/distances/tests/test_converter.py" line="43" name="test_converter_function01" time="0.007"></testcase><testcase classname="git_repos._packages_.python.astrocalc.astrocalc.distances.tests.test_converter.test_converter" file="git_repos/_packages_/python/astrocalc/astrocalc/distances/tests/test_converter.py" line="57" name="test_converter_function02" time="0.097"></testcase><testcase classname="git_repos._packages_.python.astrocalc.astrocalc.tests.test_cl_utils.test_cl_utils" file="git_repos/_packages_/python/astrocalc/astrocalc/tests/test_cl_utils.py" line="46" name="test_init" time="0.001"></testcase><testcase classname="git_repos._packages_.python.astrocalc.astrocalc.times.tests.test_conversions.test_conversions" file="git_repos/_packages_/python/astrocalc/astrocalc/times/tests/test_conversions.py" line="126" name="test_decimal_day_to_day_hour_min_sec_function" time="0.006"></testcase><testcase classname="git_repos._packages_.python.astrocalc.astrocalc.times.tests.test_conversions.test_conversions" file="git_repos/_packages_/python/astrocalc/astrocalc/times/tests/test_conversions.py" line="109" name="test_mjd_conversions_function" time="0.001"></testcase><testcase classname="git_repos._packages_.python.astrocalc.astrocalc.times.tests.test_conversions.test_conversions" file="git_repos/_packages_/python/astrocalc/astrocalc/times/tests/test_conversions.py" line="43" name="test_utdatetime_conversions_function" time="0.039"></testcase><testcase classname="git_repos._packages_.python.astrocalc.astrocalc.times.tests.test_now.test_now" file="git_repos/_packages_/python/astrocalc/astrocalc/times/tests/test_now.py" line="44" name="test_now_function" time="0.001"></testcase></testsuite></testsuites>